<?xml version="1.0" encoding="UTF-8"?>
<!-- Generated by org.testng.reporters.JUnitXMLReporter -->
<testsuite ignored="0" hostname="LAPTOP-1IP63I2R" failures="0" tests="6" name="Chrome Test" time="342.879" errors="0" timestamp="2023-06-21T22:09:27 IST">
  <testcase classname="TestCases.testCasesMain" name="Test3" time="36.754"/>
  <testcase classname="TestCases.testCasesMain" name="Test4" time="14.435"/>
  <testcase classname="TestCases.testCasesMain" name="Test5" time="154.843"/>
  <testcase classname="TestCases.testCasesMain" name="Test6" time="21.791"/>
  <testcase classname="TestCases.testCasesMain" name="Test7" time="13.925"/>
  <testcase classname="TestCases.testCasesMain" name="Test8" time="17.262"/>
</testsuite> <!-- Chrome Test -->
