<?xml version="1.0" encoding="UTF-8"?>
<!-- Generated by org.testng.reporters.JUnitXMLReporter -->
<testsuite ignored="0" hostname="LAPTOP-1IP63I2R" failures="0" tests="6" name="Edge Test" time="334.158" errors="0" timestamp="2023-06-21T22:09:18 IST">
  <testcase classname="TestCases.testCasesMain" name="Test3" time="44.004"/>
  <testcase classname="TestCases.testCasesMain" name="Test4" time="149.35"/>
  <testcase classname="TestCases.testCasesMain" name="Test5" time="16.111"/>
  <testcase classname="TestCases.testCasesMain" name="Test6" time="18.393"/>
  <testcase classname="TestCases.testCasesMain" name="Test7" time="10.621"/>
  <testcase classname="TestCases.testCasesMain" name="Test8" time="11.912"/>
</testsuite> <!-- Edge Test -->
