<?xml version="1.0" encoding="UTF-8"?>
<testng-results ignored="0" total="2" passed="2" failed="0" skipped="0">
  <reporter-output>
  </reporter-output>
  <suite started-at="2023-06-21T10:52:05 IST" name="Suite" finished-at="2023-06-21T10:57:57 IST" duration-ms="351851">
    <groups>
    </groups>
    <test started-at="2023-06-21T10:52:05 IST" name="Chrome Test" finished-at="2023-06-21T10:55:03 IST" duration-ms="177904">
      <class name="TestCases.testCasesMain">
        <test-method is-config="true" signature="initialSetup(java.lang.String)[pri:0, instance:TestCases.testCasesMain@10d307f1]" started-at="2023-06-21T10:52:05 IST" name="initialSetup" finished-at="2023-06-21T10:53:00 IST" duration-ms="54837" status="PASS">
          <params>
            <param index="0">
              <value>
                <![CDATA[5555]]>
              </value>
            </param>
          </params>
          <reporter-output>
          </reporter-output>
        </test-method> <!-- initialSetup -->
        <test-method signature="Test1()[pri:0, instance:TestCases.testCasesMain@10d307f1]" started-at="2023-06-21T10:53:00 IST" name="Test1" finished-at="2023-06-21T10:55:03 IST" duration-ms="123028" status="PASS">
          <reporter-output>
          </reporter-output>
        </test-method> <!-- Test1 -->
      </class> <!-- TestCases.testCasesMain -->
    </test> <!-- Chrome Test -->
    <test started-at="2023-06-21T10:55:04 IST" name="Edge Test" finished-at="2023-06-21T10:57:57 IST" duration-ms="173271">
      <class name="TestCases.testCasesMain">
        <test-method is-config="true" signature="initialSetup(java.lang.String)[pri:0, instance:TestCases.testCasesMain@5acf93bb]" started-at="2023-06-21T10:55:04 IST" name="initialSetup" finished-at="2023-06-21T10:56:03 IST" duration-ms="59217" status="PASS">
          <params>
            <param index="0">
              <value>
                <![CDATA[6666]]>
              </value>
            </param>
          </params>
          <reporter-output>
          </reporter-output>
        </test-method> <!-- initialSetup -->
        <test-method signature="Test1()[pri:0, instance:TestCases.testCasesMain@5acf93bb]" started-at="2023-06-21T10:56:03 IST" name="Test1" finished-at="2023-06-21T10:57:57 IST" duration-ms="114051" status="PASS">
          <reporter-output>
          </reporter-output>
        </test-method> <!-- Test1 -->
      </class> <!-- TestCases.testCasesMain -->
    </test> <!-- Edge Test -->
  </suite> <!-- Suite -->
</testng-results>
