<?xml version="1.0" encoding="UTF-8"?>
<testng-results ignored="0" total="12" passed="12" failed="0" skipped="0">
  <reporter-output>
  </reporter-output>
  <suite started-at="2023-06-21T22:03:44 IST" name="Suite" finished-at="2023-06-21T22:09:27 IST" duration-ms="342879">
    <groups>
    </groups>
    <test started-at="2023-06-21T22:03:44 IST" name="Edge Test" finished-at="2023-06-21T22:09:18 IST" duration-ms="334158">
      <class name="TestCases.testCasesMain">
        <test-method is-config="true" signature="initialSetup(java.lang.String)[pri:0, instance:TestCases.testCasesMain@2c35e847]" started-at="2023-06-21T22:03:44 IST" name="initialSetup" finished-at="2023-06-21T22:05:07 IST" duration-ms="83721" status="PASS">
          <params>
            <param index="0">
              <value>
                <![CDATA[6666]]>
              </value>
            </param>
          </params>
          <reporter-output>
          </reporter-output>
        </test-method> <!-- initialSetup -->
        <test-method signature="Test3()[pri:0, instance:TestCases.testCasesMain@2c35e847]" started-at="2023-06-21T22:05:07 IST" name="Test3" finished-at="2023-06-21T22:05:51 IST" duration-ms="44004" status="PASS">
          <reporter-output>
          </reporter-output>
        </test-method> <!-- Test3 -->
        <test-method signature="Test4()[pri:0, instance:TestCases.testCasesMain@2c35e847]" started-at="2023-06-21T22:05:51 IST" name="Test4" finished-at="2023-06-21T22:08:21 IST" duration-ms="149350" status="PASS">
          <reporter-output>
          </reporter-output>
        </test-method> <!-- Test4 -->
        <test-method signature="Test5()[pri:0, instance:TestCases.testCasesMain@2c35e847]" started-at="2023-06-21T22:08:21 IST" name="Test5" finished-at="2023-06-21T22:08:37 IST" duration-ms="16111" status="PASS">
          <reporter-output>
          </reporter-output>
        </test-method> <!-- Test5 -->
        <test-method signature="Test6()[pri:0, instance:TestCases.testCasesMain@2c35e847]" started-at="2023-06-21T22:08:37 IST" name="Test6" finished-at="2023-06-21T22:08:55 IST" duration-ms="18393" status="PASS">
          <reporter-output>
          </reporter-output>
        </test-method> <!-- Test6 -->
        <test-method signature="Test7()[pri:0, instance:TestCases.testCasesMain@2c35e847]" started-at="2023-06-21T22:08:55 IST" name="Test7" finished-at="2023-06-21T22:09:06 IST" duration-ms="10621" status="PASS">
          <reporter-output>
          </reporter-output>
        </test-method> <!-- Test7 -->
        <test-method signature="Test8()[pri:0, instance:TestCases.testCasesMain@2c35e847]" started-at="2023-06-21T22:09:06 IST" name="Test8" finished-at="2023-06-21T22:09:18 IST" duration-ms="11912" status="PASS">
          <reporter-output>
          </reporter-output>
        </test-method> <!-- Test8 -->
      </class> <!-- TestCases.testCasesMain -->
    </test> <!-- Edge Test -->
    <test started-at="2023-06-21T22:03:44 IST" name="Chrome Test" finished-at="2023-06-21T22:09:27 IST" duration-ms="342879">
      <class name="TestCases.testCasesMain">
        <test-method is-config="true" signature="initialSetup(java.lang.String)[pri:0, instance:TestCases.testCasesMain@28f3b248]" started-at="2023-06-21T22:03:44 IST" name="initialSetup" finished-at="2023-06-21T22:05:07 IST" duration-ms="83721" status="PASS">
          <params>
            <param index="0">
              <value>
                <![CDATA[5555]]>
              </value>
            </param>
          </params>
          <reporter-output>
          </reporter-output>
        </test-method> <!-- initialSetup -->
        <test-method signature="Test3()[pri:0, instance:TestCases.testCasesMain@28f3b248]" started-at="2023-06-21T22:05:07 IST" name="Test3" finished-at="2023-06-21T22:05:44 IST" duration-ms="36754" status="PASS">
          <reporter-output>
          </reporter-output>
        </test-method> <!-- Test3 -->
        <test-method signature="Test4()[pri:0, instance:TestCases.testCasesMain@28f3b248]" started-at="2023-06-21T22:05:44 IST" name="Test4" finished-at="2023-06-21T22:05:59 IST" duration-ms="14435" status="PASS">
          <reporter-output>
          </reporter-output>
        </test-method> <!-- Test4 -->
        <test-method signature="Test5()[pri:0, instance:TestCases.testCasesMain@28f3b248]" started-at="2023-06-21T22:05:59 IST" name="Test5" finished-at="2023-06-21T22:08:34 IST" duration-ms="154843" status="PASS">
          <reporter-output>
          </reporter-output>
        </test-method> <!-- Test5 -->
        <test-method signature="Test6()[pri:0, instance:TestCases.testCasesMain@28f3b248]" started-at="2023-06-21T22:08:34 IST" name="Test6" finished-at="2023-06-21T22:08:55 IST" duration-ms="21791" status="PASS">
          <reporter-output>
          </reporter-output>
        </test-method> <!-- Test6 -->
        <test-method signature="Test7()[pri:0, instance:TestCases.testCasesMain@28f3b248]" started-at="2023-06-21T22:08:55 IST" name="Test7" finished-at="2023-06-21T22:09:09 IST" duration-ms="13925" status="PASS">
          <reporter-output>
          </reporter-output>
        </test-method> <!-- Test7 -->
        <test-method signature="Test8()[pri:0, instance:TestCases.testCasesMain@28f3b248]" started-at="2023-06-21T22:09:09 IST" name="Test8" finished-at="2023-06-21T22:09:27 IST" duration-ms="17262" status="PASS">
          <reporter-output>
          </reporter-output>
        </test-method> <!-- Test8 -->
      </class> <!-- TestCases.testCasesMain -->
    </test> <!-- Chrome Test -->
  </suite> <!-- Suite -->
</testng-results>
